#
# There is insufficient memory for the Java Runtime Environment to continue.
# Native memory allocation (mmap) failed to map 266338304 bytes for G1 virtual space
# Possible reasons:
#   The system is out of physical RAM or swap space
#   The process is running with CompressedOops enabled, and the Java Heap may be blocking the growth of the native heap
# Possible solutions:
#   Reduce memory load on the system
#   Increase physical memory or swap space
#   Check if swap backing store is full
#   Decrease Java heap size (-Xmx/-Xms)
#   Decrease number of Java threads
#   Decrease Java thread stack sizes (-Xss)
#   Set larger code cache with -XX:ReservedCodeCacheSize=
#   JVM is running with Zero Based Compressed Oops mode in which the Java heap is
#     placed in the first 32GB address space. The Java Heap base address is the
#     maximum limit for the native heap growth. Please use -XX:HeapBaseMinAddress
#     to set the Java Heap base and to place the Java Heap above 32GB virtual address.
# This output file may be truncated or incomplete.
#
#  Out of Memory Error (os_windows.cpp:3600), pid=5712, tid=24408
#
# JRE version:  (21.0.2+13) (build )
# Java VM: Java HotSpot(TM) 64-Bit Server VM (21.0.2+13-LTS-58, mixed mode, sharing, tiered, compressed oops, compressed class ptrs, g1 gc, windows-amd64)
# No core dump will be written. Minidumps are not enabled by default on client versions of Windows
#

---------------  S U M M A R Y ------------

Command Line: -Dnet.bytebuddy.agent.attacher.dump= net.bytebuddy.agent.Attacher com.sun.tools.attach.VirtualMachine 27732 C:\Users\Amine MHA\.m2\repository\net\bytebuddy\byte-buddy-agent\1.14.18\byte-buddy-agent-1.14.18.jar false 

Host: 11th Gen Intel(R) Core(TM) i7-1165G7 @ 2.80GHz, 8 cores, 15G,  Windows 11 , 64 bit Build 26100 (10.0.26100.7920)
Time: Mon Mar 16 03:57:05 2026 Paris, Madrid elapsed time: 0.119657 seconds (0d 0h 0m 0s)

---------------  T H R E A D  ---------------

Current thread (0x00000213c27f0780):  JavaThread "Unknown thread" [_thread_in_vm, id=24408, stack(0x000000c955200000,0x000000c955300000) (1024K)]

Stack: [0x000000c955200000,0x000000c955300000]
Native frames: (J=compiled Java code, j=interpreted, Vv=VM code, C=native code)
V  [jvm.dll+0x6cade9]
V  [jvm.dll+0x8569c1]
V  [jvm.dll+0x858d2e]
V  [jvm.dll+0x859413]
V  [jvm.dll+0x280e56]
V  [jvm.dll+0x6c74d5]
V  [jvm.dll+0x6bbeca]
V  [jvm.dll+0x355bca]
V  [jvm.dll+0x35d816]
V  [jvm.dll+0x3ae67e]
V  [jvm.dll+0x3ae928]
V  [jvm.dll+0x3295dc]
V  [jvm.dll+0x32a16b]
V  [jvm.dll+0x81efa9]
V  [jvm.dll+0x3bba01]
V  [jvm.dll+0x807928]
V  [jvm.dll+0x44f50e]
V  [jvm.dll+0x450e11]
C  [jli.dll+0x52a3]
C  [ucrtbase.dll+0x37b0]
C  [KERNEL32.DLL+0x2e8d7]
C  [ntdll.dll+0x8c48c]


---------------  P R O C E S S  ---------------

Threads class SMR info:
_java_thread_list=0x00007ffc9ff2bb88, length=0, elements={
}

Java Threads: ( => current thread )
Total: 0

Other Threads:
  0x00000213c4b007d0 WorkerThread "GC Thread#0"                     [id=13396, stack(0x000000c955300000,0x000000c955400000) (1024K)]
  0x00000213c4b12b10 ConcurrentGCThread "G1 Main Marker"            [id=10304, stack(0x000000c955400000,0x000000c955500000) (1024K)]
  0x00000213c4b16040 WorkerThread "G1 Conc#0"                       [id=23188, stack(0x000000c955500000,0x000000c955600000) (1024K)]

[error occurred during error reporting (printing all threads), id 0xc0000005, EXCEPTION_ACCESS_VIOLATION (0xc0000005) at pc=0x00007ffc9f69c6a7]
VM state: not at safepoint (not fully initialized)

VM Mutex/Monitor currently owned by a thread:  ([mutex/lock_event])
[0x00007ffc9ff9ce68] Heap_lock - owner thread: 0x00000213c27f0780

Heap address: 0x0000000703200000, size: 4046 MB, Compressed Oops mode: Zero based, Oop shift amount: 3

CDS archive(s) mapped at: [0x0000000000000000-0x0000000000000000-0x0000000000000000), size 0, SharedBaseAddress: 0x0000000800000000, ArchiveRelocationMode: 1.
Narrow klass base: 0x0000000000000000, Narrow klass shift: 0, Narrow klass range: 0x0

GC Precious Log:
 CardTable entry size: 512
 Card Set container configuration: InlinePtr #cards 4 size 8 Array Of Cards #cards 16 size 48 Howl #buckets 8 coarsen threshold 3686 Howl Bitmap #cards 512 size 80 coarsen threshold 460 Card regions per heap region 1 cards per card region 4096

Heap:
 garbage-first heap   total 0K, used 0K [0x0000000703200000, 0x0000000800000000)
  region size 2048K, 0 young (0K), 0 survivors (0K)

[error occurred during error reporting (printing heap information), id 0xc0000005, EXCEPTION_ACCESS_VIOLATION (0xc0000005) at pc=0x00007ffc9fa839f9]
GC Heap History (0 events):
No events

Dll operation events (1 events):
Event: 0.013 Loaded shared library C:\Program Files\Java\jdk-21\bin\java.dll

Deoptimization events (0 events):
No events

Classes loaded (0 events):
No events

Classes unloaded (0 events):
No events

Classes redefined (0 events):
No events

Internal exceptions (0 events):
No events

ZGC Phase Switch (0 events):
No events

VM Operations (0 events):
No events

Events (0 events):
No events


Dynamic libraries:
0x00007ff6ea300000 - 0x00007ff6ea310000 	C:\Program Files\Java\jdk-21\bin\java.exe
0x00007ffd1cee0000 - 0x00007ffd1d147000 	C:\WINDOWS\SYSTEM32\ntdll.dll
0x00007ffd1b0a0000 - 0x00007ffd1b169000 	C:\WINDOWS\System32\KERNEL32.DLL
0x00007ffd1a060000 - 0x00007ffd1a451000 	C:\WINDOWS\System32\KERNELBASE.dll
0x00007ffd1a510000 - 0x00007ffd1a65b000 	C:\WINDOWS\System32\ucrtbase.dll
0x00007ffd05650000 - 0x00007ffd05669000 	C:\Program Files\Java\jdk-21\bin\jli.dll
0x00007ffd1ba70000 - 0x00007ffd1bb2b000 	C:\WINDOWS\System32\ADVAPI32.dll
0x00007ffd1aff0000 - 0x00007ffd1b099000 	C:\WINDOWS\System32\msvcrt.dll
0x00007ffd1c200000 - 0x00007ffd1c2a7000 	C:\WINDOWS\System32\sechost.dll
0x00007ffd1b170000 - 0x00007ffd1b288000 	C:\WINDOWS\System32\RPCRT4.dll
0x00007ffd1c310000 - 0x00007ffd1c4d5000 	C:\WINDOWS\System32\USER32.dll
0x00007ffd197c0000 - 0x00007ffd197e7000 	C:\WINDOWS\System32\win32u.dll
0x00007ffd1c950000 - 0x00007ffd1c97b000 	C:\WINDOWS\System32\GDI32.dll
0x00007ffd1a8a0000 - 0x00007ffd1a9cb000 	C:\WINDOWS\System32\gdi32full.dll
0x00007ffd1a460000 - 0x00007ffd1a503000 	C:\WINDOWS\System32\msvcp_win.dll
0x00007ffd04020000 - 0x00007ffd042b3000 	C:\WINDOWS\WinSxS\amd64_microsoft.windows.common-controls_6595b64144ccf1df_6.0.26100.8037_none_3e092faae333b53b\COMCTL32.dll
0x00007ffd09f60000 - 0x00007ffd09f6b000 	C:\WINDOWS\SYSTEM32\VERSION.dll
0x00007ffd056c0000 - 0x00007ffd056db000 	C:\Program Files\Java\jdk-21\bin\VCRUNTIME140.dll
0x00007ffd1bd10000 - 0x00007ffd1bd41000 	C:\WINDOWS\System32\IMM32.DLL
0x00007ffd092d0000 - 0x00007ffd092dc000 	C:\Program Files\Java\jdk-21\bin\vcruntime140_1.dll
0x00007ffceb1d0000 - 0x00007ffceb25e000 	C:\Program Files\Java\jdk-21\bin\msvcp140.dll
0x00007ffc9f360000 - 0x00007ffca0077000 	C:\Program Files\Java\jdk-21\bin\server\jvm.dll
0x00007ffd1bc90000 - 0x00007ffd1bd04000 	C:\WINDOWS\System32\WS2_32.dll
0x00007ffd19620000 - 0x00007ffd1967e000 	C:\WINDOWS\SYSTEM32\POWRPROF.dll
0x00007ffd05da0000 - 0x00007ffd05dd5000 	C:\WINDOWS\SYSTEM32\WINMM.dll
0x00007ffd19600000 - 0x00007ffd19614000 	C:\WINDOWS\SYSTEM32\UMPDC.dll
0x00007ffd18530000 - 0x00007ffd1854b000 	C:\WINDOWS\SYSTEM32\kernel.appcore.dll
0x00007ffd06c20000 - 0x00007ffd06c2a000 	C:\Program Files\Java\jdk-21\bin\jimage.dll
0x00007ffd173f0000 - 0x00007ffd17632000 	C:\WINDOWS\SYSTEM32\DBGHELP.DLL
0x00007ffd1c4e0000 - 0x00007ffd1c862000 	C:\WINDOWS\System32\combase.dll
0x00007ffd1c870000 - 0x00007ffd1c947000 	C:\WINDOWS\System32\OLEAUT32.dll
0x00007ffcf1810000 - 0x00007ffcf184b000 	C:\WINDOWS\SYSTEM32\dbgcore.DLL
0x00007ffd1abd0000 - 0x00007ffd1ac75000 	C:\WINDOWS\System32\bcryptPrimitives.dll
0x00007ffd054d0000 - 0x00007ffd054ef000 	C:\Program Files\Java\jdk-21\bin\java.dll

dbghelp: loaded successfully - version: 4.0.5 - missing functions: none
symbol engine: initialized successfully - sym options: 0x614 - pdb path: .;C:\Program Files\Java\jdk-21\bin;C:\WINDOWS\SYSTEM32;C:\WINDOWS\WinSxS\amd64_microsoft.windows.common-controls_6595b64144ccf1df_6.0.26100.8037_none_3e092faae333b53b;C:\Program Files\Java\jdk-21\bin\server

VM Arguments:
jvm_args: -Dnet.bytebuddy.agent.attacher.dump= 
java_command: net.bytebuddy.agent.Attacher com.sun.tools.attach.VirtualMachine 27732 C:\Users\Amine MHA\.m2\repository\net\bytebuddy\byte-buddy-agent\1.14.18\byte-buddy-agent-1.14.18.jar false 
java_class_path (initial): C:\Users\Amine MHA\.m2\repository\net\bytebuddy\byte-buddy-agent\1.14.18\byte-buddy-agent-1.14.18.jar
Launcher Type: SUN_STANDARD

[Global flags]
     intx CICompilerCount                          = 4                                         {product} {ergonomic}
     uint ConcGCThreads                            = 2                                         {product} {ergonomic}
     uint G1ConcRefinementThreads                  = 8                                         {product} {ergonomic}
   size_t G1HeapRegionSize                         = 2097152                                   {product} {ergonomic}
    uintx GCDrainStackTargetSize                   = 64                                        {product} {ergonomic}
   size_t InitialHeapSize                          = 266338304                                 {product} {ergonomic}
   size_t MarkStackSize                            = 4194304                                   {product} {ergonomic}
   size_t MaxHeapSize                              = 4242538496                                {product} {ergonomic}
   size_t MinHeapDeltaBytes                        = 2097152                                   {product} {ergonomic}
   size_t MinHeapSize                              = 8388608                                   {product} {ergonomic}
    uintx NonNMethodCodeHeapSize                   = 5839372                                {pd product} {ergonomic}
    uintx NonProfiledCodeHeapSize                  = 122909434                              {pd product} {ergonomic}
    uintx ProfiledCodeHeapSize                     = 122909434                              {pd product} {ergonomic}
    uintx ReservedCodeCacheSize                    = 251658240                              {pd product} {ergonomic}
     bool SegmentedCodeCache                       = true                                      {product} {ergonomic}
   size_t SoftMaxHeapSize                          = 4242538496                             {manageable} {ergonomic}
     bool UseCompressedOops                        = true                           {product lp64_product} {ergonomic}
     bool UseG1GC                                  = true                                      {product} {ergonomic}
     bool UseLargePagesIndividualAllocation        = false                                  {pd product} {ergonomic}

Logging:
Log output configuration:
 #0: stdout all=warning uptime,level,tags foldmultilines=false
 #1: stderr all=off uptime,level,tags foldmultilines=false

Environment Variables:
JAVA_HOME=C:\Program Files\Java\jdk-21
PATH=C:\Program Files\Common Files\Oracle\Java\javapath;C:\WINDOWS\system32;C:\WINDOWS;C:\WINDOWS\System32\Wbem;C:\WINDOWS\System32\WindowsPowerShell\v1.0\;C:\WINDOWS\System32\OpenSSH\;C:\msys64\mingw64\bin;C:\Program Files\Git\cmd;C:\Program Files\doxygen\bin;C:\Users\Amine MHA\Desktop\L2 Informatique\S4\GL-QL\TP1\sonar-scanner-cli-4.6.2.2472-windows\bin;C:\composer;C:\Program Files\TortoiseGit\bin;C:\Program Files\dotnet\;C:\php8;C:\Program Files\MongoDB\Server\8.0\bin;C:\Hbase\hbase-2.6.1-bin\hbase-2.6.1\bin;C:\Program Files\nodejs\;C:\Program Files\Docker\Docker\resources\bin;D:\Apache\apache-maven-3.9.12\bin;C:\Program Files\Java\jdk-21\bin;C:\Users\Amine MHA\AppData\Local\Programs\Python\Python311\Scripts\;C:\Users\Amine MHA\AppData\Local\Programs\Python\Python311\;C:\Users\Amine MHA\AppData\Local\Programs\Python\Python312\Scripts\;C:\Users\Amine MHA\AppData\Local\Programs\Python\Python312\;C:\Users\Amine MHA\scoop\shims;C:\Users\Amine MHA\AppData\Local\Programs\Python\Python310\Scripts\;C:\Users\Amine MHA\AppData\Local\Programs\Python\Python310\;C:\Users\Amine MHA\AppData\Local\Microsoft\WindowsApps;C:\Users\Amine MHA\AppData\Local\Programs\Microsoft VS Code\bin;C:\php8;;C:\Program Files\JetBrains\PhpStorm 2024.1.3\bin;;C:\Users\Amine MHA\AppData\Roaming\Composer\vendor\bin;C:\Users\Amine MHA\AppData\Roaming\npm;C:\Users\Amine MHA\AppData\Local\Programs\Antigravity\bin;C:\Users\Amine MHA\AppData\Local\Programs\cursor\resources\app\bin
USERNAME=Amine MHA
TERM=dumb
OS=Windows_NT
PROCESSOR_IDENTIFIER=Intel64 Family 6 Model 140 Stepping 1, GenuineIntel
TMP=C:\Users\AMINEM~1\AppData\Local\Temp
TEMP=C:\Users\AMINEM~1\AppData\Local\Temp




Periodic native trim disabled

---------------  S Y S T E M  ---------------

OS:
 Windows 11 , 64 bit Build 26100 (10.0.26100.7920)
OS uptime: 1 days 9:48 hours
Hyper-V role detected

CPU: total 8 (initial active 8) (4 cores per cpu, 2 threads per core) family 6 model 140 stepping 1 microcode 0x6e, cx8, cmov, fxsr, ht, mmx, 3dnowpref, sse, sse2, sse3, ssse3, sse4.1, sse4.2, popcnt, lzcnt, tsc, tscinvbit, avx, avx2, aes, erms, clmul, bmi1, bmi2, adx, avx512f, avx512dq, avx512cd, avx512bw, avx512vl, sha, fma, vzeroupper, avx512_vpopcntdq, avx512_vpclmulqdq, avx512_vaes, avx512_vnni, clflush, clflushopt, clwb, avx512_vbmi2, avx512_vbmi, hv, rdtscp, rdpid, fsrm, gfni, avx512_bitalg, f16c, cet_ibt, cet_ss, avx512_ifma
Processor Information for all 8 processors :
  Max Mhz: 2803, Current Mhz: 2803, Mhz Limit: 2803

Memory: 4k page, system-wide physical 16183M (1675M free)
TotalPageFile size 31543M (AvailPageFile size 250M)
current process WorkingSet (physical memory assigned to process): 12M, peak: 12M
current process commit charge ("private bytes"): 60M, peak: 314M

vm_info: Java HotSpot(TM) 64-Bit Server VM (21.0.2+13-LTS-58) for windows-amd64 JRE (21.0.2+13-LTS-58), built on 2024-01-05T18:32:24Z by "mach5one" with MS VC++ 17.1 (VS2022)

END.
